2023-06-20T00:11:36.034+03:00  INFO 3820 --- [SpringApplicationShutdownHook] s.i.d.DownloadServiceApplication         : PreDestroy method is executed
2023-06-20T00:11:36.037+03:00  INFO 3820 --- [SpringApplicationShutdownHook] j.LocalContainerEntityManagerFactoryBean : Closing JPA EntityManagerFactory for persistence unit 'default'
2023-06-20T00:11:36.053+03:00  INFO 3820 --- [SpringApplicationShutdownHook] com.zaxxer.hikari.HikariDataSource       : HikariPool-1 - Shutdown initiated...
2023-06-20T00:11:36.056+03:00  INFO 3820 --- [SpringApplicationShutdownHook] com.zaxxer.hikari.HikariDataSource       : HikariPool-1 - Shutdown completed.
2023-06-20T00:11:47.984+03:00  INFO 10228 --- [restartedMain] s.i.d.DownloadServiceApplication         : Starting DownloadServiceApplication using Java 17.0.6 with PID 10228 (F:\IJ\download-service\build\classes\java\main started by itsko in F:\IJ\download-service)
2023-06-20T00:11:47.987+03:00  INFO 10228 --- [restartedMain] s.i.d.DownloadServiceApplication         : No active profile set, falling back to 1 default profile: "default"
2023-06-20T00:11:48.022+03:00  INFO 10228 --- [restartedMain] .e.DevToolsPropertyDefaultsPostProcessor : Devtools property defaults active! Set 'spring.devtools.add-properties' to 'false' to disable
2023-06-20T00:11:48.022+03:00  INFO 10228 --- [restartedMain] .e.DevToolsPropertyDefaultsPostProcessor : For additional web related logging consider setting the 'logging.level.web' property to 'DEBUG'
2023-06-20T00:11:48.672+03:00  INFO 10228 --- [restartedMain] .s.d.r.c.RepositoryConfigurationDelegate : Bootstrapping Spring Data JPA repositories in DEFAULT mode.
2023-06-20T00:11:48.714+03:00  INFO 10228 --- [restartedMain] .s.d.r.c.RepositoryConfigurationDelegate : Finished Spring Data repository scanning in 36 ms. Found 1 JPA repository interfaces.
2023-06-20T00:11:49.114+03:00  INFO 10228 --- [restartedMain] o.s.b.w.embedded.tomcat.TomcatWebServer  : Tomcat initialized with port(s): 8080 (http)
2023-06-20T00:11:49.122+03:00  INFO 10228 --- [restartedMain] o.apache.catalina.core.StandardService   : Starting service [Tomcat]
2023-06-20T00:11:49.122+03:00  INFO 10228 --- [restartedMain] o.apache.catalina.core.StandardEngine    : Starting Servlet engine: [Apache Tomcat/10.1.8]
2023-06-20T00:11:49.164+03:00  INFO 10228 --- [restartedMain] o.a.c.c.C.[Tomcat].[localhost].[/]       : Initializing Spring embedded WebApplicationContext
2023-06-20T00:11:49.164+03:00  INFO 10228 --- [restartedMain] w.s.c.ServletWebServerApplicationContext : Root WebApplicationContext: initialization completed in 1141 ms
2023-06-20T00:11:49.325+03:00  INFO 10228 --- [restartedMain] o.hibernate.jpa.internal.util.LogHelper  : HHH000204: Processing PersistenceUnitInfo [name: default]
2023-06-20T00:11:49.365+03:00  INFO 10228 --- [restartedMain] org.hibernate.Version                    : HHH000412: Hibernate ORM core version 6.1.7.Final
2023-06-20T00:11:49.553+03:00  INFO 10228 --- [restartedMain] com.zaxxer.hikari.HikariDataSource       : HikariPool-1 - Starting...
2023-06-20T00:11:49.665+03:00  INFO 10228 --- [restartedMain] com.zaxxer.hikari.pool.HikariPool        : HikariPool-1 - Added connection org.postgresql.jdbc.PgConnection@4e4bcd08
2023-06-20T00:11:49.667+03:00  INFO 10228 --- [restartedMain] com.zaxxer.hikari.HikariDataSource       : HikariPool-1 - Start completed.
2023-06-20T00:11:49.700+03:00  INFO 10228 --- [restartedMain] SQL dialect                              : HHH000400: Using dialect: org.hibernate.dialect.PostgreSQLDialect
2023-06-20T00:11:50.270+03:00  INFO 10228 --- [restartedMain] o.h.e.t.j.p.i.JtaPlatformInitiator       : HHH000490: Using JtaPlatform implementation: [org.hibernate.engine.transaction.jta.platform.internal.NoJtaPlatform]
2023-06-20T00:11:50.277+03:00  INFO 10228 --- [restartedMain] j.LocalContainerEntityManagerFactoryBean : Initialized JPA EntityManagerFactory for persistence unit 'default'
2023-06-20T00:11:50.282+03:00  WARN 10228 --- [restartedMain] s.i.d.DownloadServiceApplication         : PostConstruct method is executed. >>> warn
2023-06-20T00:11:50.283+03:00  INFO 10228 --- [restartedMain] s.i.d.DownloadServiceApplication         : PostConstruct method is executed. >>> info
2023-06-20T00:11:50.285+03:00  INFO 10228 --- [restartedMain] d.s.DownloadServiceHttpURLConnectionImpl : Active candidate for DownloadService is DownloadServiceHttpURLConnectionImpl
2023-06-20T00:11:50.319+03:00  WARN 10228 --- [restartedMain] JpaBaseConfiguration$JpaWebConfiguration : spring.jpa.open-in-view is enabled by default. Therefore, database queries may be performed during view rendering. Explicitly configure spring.jpa.open-in-view to disable this warning
2023-06-20T00:11:50.830+03:00  INFO 10228 --- [restartedMain] o.s.b.d.a.OptionalLiveReloadServer       : LiveReload server is running on port 35729
2023-06-20T00:11:50.835+03:00  INFO 10228 --- [restartedMain] o.s.b.a.e.web.EndpointLinksResolver      : Exposing 1 endpoint(s) beneath base path '/actuator'
2023-06-20T00:11:50.894+03:00  INFO 10228 --- [restartedMain] o.s.b.w.embedded.tomcat.TomcatWebServer  : Tomcat started on port(s): 8080 (http) with context path ''
2023-06-20T00:11:50.906+03:00  INFO 10228 --- [restartedMain] s.i.d.DownloadServiceApplication         : Started DownloadServiceApplication in 3.269 seconds (process running for 3.729)
2023-06-20T00:11:51.399+03:00  INFO 10228 --- [RMI TCP Connection(3)-192.168.1.223] o.a.c.c.C.[Tomcat].[localhost].[/]       : Initializing Spring DispatcherServlet 'dispatcherServlet'
2023-06-20T00:11:51.399+03:00  INFO 10228 --- [RMI TCP Connection(3)-192.168.1.223] o.s.web.servlet.DispatcherServlet        : Initializing Servlet 'dispatcherServlet'
2023-06-20T00:11:51.400+03:00  INFO 10228 --- [RMI TCP Connection(3)-192.168.1.223] o.s.web.servlet.DispatcherServlet        : Completed initialization in 0 ms
2023-06-20T00:16:13.063+03:00  INFO 10228 --- [SpringApplicationShutdownHook] s.i.d.DownloadServiceApplication         : PreDestroy method is executed
2023-06-20T00:16:13.063+03:00  INFO 10228 --- [SpringApplicationShutdownHook] j.LocalContainerEntityManagerFactoryBean : Closing JPA EntityManagerFactory for persistence unit 'default'
2023-06-20T00:16:13.066+03:00  INFO 10228 --- [SpringApplicationShutdownHook] com.zaxxer.hikari.HikariDataSource       : HikariPool-1 - Shutdown initiated...
2023-06-20T00:16:13.068+03:00  INFO 10228 --- [SpringApplicationShutdownHook] com.zaxxer.hikari.HikariDataSource       : HikariPool-1 - Shutdown completed.
2023-06-20T00:16:15.521+03:00  INFO 20700 --- [restartedMain] s.i.d.DownloadServiceApplication         : Starting DownloadServiceApplication using Java 17.0.6 with PID 20700 (F:\IJ\download-service\build\classes\java\main started by itsko in F:\IJ\download-service)
2023-06-20T00:16:15.523+03:00  INFO 20700 --- [restartedMain] s.i.d.DownloadServiceApplication         : No active profile set, falling back to 1 default profile: "default"
2023-06-20T00:16:15.562+03:00  INFO 20700 --- [restartedMain] .e.DevToolsPropertyDefaultsPostProcessor : Devtools property defaults active! Set 'spring.devtools.add-properties' to 'false' to disable
2023-06-20T00:16:15.563+03:00  INFO 20700 --- [restartedMain] .e.DevToolsPropertyDefaultsPostProcessor : For additional web related logging consider setting the 'logging.level.web' property to 'DEBUG'
2023-06-20T00:16:16.234+03:00  INFO 20700 --- [restartedMain] .s.d.r.c.RepositoryConfigurationDelegate : Bootstrapping Spring Data JPA repositories in DEFAULT mode.
2023-06-20T00:16:16.276+03:00  INFO 20700 --- [restartedMain] .s.d.r.c.RepositoryConfigurationDelegate : Finished Spring Data repository scanning in 37 ms. Found 1 JPA repository interfaces.
2023-06-20T00:16:16.669+03:00  INFO 20700 --- [restartedMain] o.s.b.w.embedded.tomcat.TomcatWebServer  : Tomcat initialized with port(s): 8080 (http)
2023-06-20T00:16:16.675+03:00  INFO 20700 --- [restartedMain] o.apache.catalina.core.StandardService   : Starting service [Tomcat]
2023-06-20T00:16:16.676+03:00  INFO 20700 --- [restartedMain] o.apache.catalina.core.StandardEngine    : Starting Servlet engine: [Apache Tomcat/10.1.8]
2023-06-20T00:16:16.718+03:00  INFO 20700 --- [restartedMain] o.a.c.c.C.[Tomcat].[localhost].[/]       : Initializing Spring embedded WebApplicationContext
2023-06-20T00:16:16.719+03:00  INFO 20700 --- [restartedMain] w.s.c.ServletWebServerApplicationContext : Root WebApplicationContext: initialization completed in 1156 ms
2023-06-20T00:16:16.883+03:00  INFO 20700 --- [restartedMain] o.hibernate.jpa.internal.util.LogHelper  : HHH000204: Processing PersistenceUnitInfo [name: default]
2023-06-20T00:16:16.923+03:00  INFO 20700 --- [restartedMain] org.hibernate.Version                    : HHH000412: Hibernate ORM core version 6.1.7.Final
2023-06-20T00:16:17.111+03:00  INFO 20700 --- [restartedMain] com.zaxxer.hikari.HikariDataSource       : HikariPool-1 - Starting...
2023-06-20T00:16:17.225+03:00  INFO 20700 --- [restartedMain] com.zaxxer.hikari.pool.HikariPool        : HikariPool-1 - Added connection org.postgresql.jdbc.PgConnection@5123c592
2023-06-20T00:16:17.227+03:00  INFO 20700 --- [restartedMain] com.zaxxer.hikari.HikariDataSource       : HikariPool-1 - Start completed.
2023-06-20T00:16:17.261+03:00  INFO 20700 --- [restartedMain] SQL dialect                              : HHH000400: Using dialect: org.hibernate.dialect.PostgreSQLDialect
2023-06-20T00:16:17.829+03:00  INFO 20700 --- [restartedMain] o.h.e.t.j.p.i.JtaPlatformInitiator       : HHH000490: Using JtaPlatform implementation: [org.hibernate.engine.transaction.jta.platform.internal.NoJtaPlatform]
2023-06-20T00:16:17.836+03:00  INFO 20700 --- [restartedMain] j.LocalContainerEntityManagerFactoryBean : Initialized JPA EntityManagerFactory for persistence unit 'default'
2023-06-20T00:16:17.840+03:00  WARN 20700 --- [restartedMain] s.i.d.DownloadServiceApplication         : PostConstruct method is executed. >>> warn
2023-06-20T00:16:17.841+03:00  INFO 20700 --- [restartedMain] s.i.d.DownloadServiceApplication         : PostConstruct method is executed. >>> info
2023-06-20T00:16:17.843+03:00  INFO 20700 --- [restartedMain] s.i.d.s.DownloadServiceHttpClientImpl    : Active candidate for DownloadService is DownloadServiceHttpClientImpl
2023-06-20T00:16:17.878+03:00  WARN 20700 --- [restartedMain] JpaBaseConfiguration$JpaWebConfiguration : spring.jpa.open-in-view is enabled by default. Therefore, database queries may be performed during view rendering. Explicitly configure spring.jpa.open-in-view to disable this warning
2023-06-20T00:16:18.383+03:00  INFO 20700 --- [restartedMain] o.s.b.d.a.OptionalLiveReloadServer       : LiveReload server is running on port 35729
2023-06-20T00:16:18.387+03:00  INFO 20700 --- [restartedMain] o.s.b.a.e.web.EndpointLinksResolver      : Exposing 1 endpoint(s) beneath base path '/actuator'
2023-06-20T00:16:18.457+03:00  INFO 20700 --- [restartedMain] o.s.b.w.embedded.tomcat.TomcatWebServer  : Tomcat started on port(s): 8080 (http) with context path ''
2023-06-20T00:16:18.469+03:00  INFO 20700 --- [restartedMain] s.i.d.DownloadServiceApplication         : Started DownloadServiceApplication in 3.311 seconds (process running for 3.777)
2023-06-20T00:16:18.931+03:00  INFO 20700 --- [RMI TCP Connection(2)-192.168.1.223] o.a.c.c.C.[Tomcat].[localhost].[/]       : Initializing Spring DispatcherServlet 'dispatcherServlet'
2023-06-20T00:16:18.932+03:00  INFO 20700 --- [RMI TCP Connection(2)-192.168.1.223] o.s.web.servlet.DispatcherServlet        : Initializing Servlet 'dispatcherServlet'
2023-06-20T00:16:18.933+03:00  INFO 20700 --- [RMI TCP Connection(2)-192.168.1.223] o.s.web.servlet.DispatcherServlet        : Completed initialization in 1 ms
2023-06-20T00:20:21.622+03:00  INFO 20700 --- [SpringApplicationShutdownHook] s.i.d.DownloadServiceApplication         : PreDestroy method is executed
2023-06-20T00:20:21.623+03:00  INFO 20700 --- [SpringApplicationShutdownHook] j.LocalContainerEntityManagerFactoryBean : Closing JPA EntityManagerFactory for persistence unit 'default'
2023-06-20T00:20:21.625+03:00  INFO 20700 --- [SpringApplicationShutdownHook] com.zaxxer.hikari.HikariDataSource       : HikariPool-1 - Shutdown initiated...
2023-06-20T00:20:21.630+03:00  INFO 20700 --- [SpringApplicationShutdownHook] com.zaxxer.hikari.HikariDataSource       : HikariPool-1 - Shutdown completed.
2023-06-20T00:20:23.893+03:00  INFO 6512 --- [restartedMain] s.i.d.DownloadServiceApplication         : Starting DownloadServiceApplication using Java 17.0.6 with PID 6512 (F:\IJ\download-service\build\classes\java\main started by itsko in F:\IJ\download-service)
2023-06-20T00:20:23.895+03:00  INFO 6512 --- [restartedMain] s.i.d.DownloadServiceApplication         : No active profile set, falling back to 1 default profile: "default"
2023-06-20T00:20:23.934+03:00  INFO 6512 --- [restartedMain] .e.DevToolsPropertyDefaultsPostProcessor : Devtools property defaults active! Set 'spring.devtools.add-properties' to 'false' to disable
2023-06-20T00:20:23.934+03:00  INFO 6512 --- [restartedMain] .e.DevToolsPropertyDefaultsPostProcessor : For additional web related logging consider setting the 'logging.level.web' property to 'DEBUG'
2023-06-20T00:20:24.676+03:00  INFO 6512 --- [restartedMain] .s.d.r.c.RepositoryConfigurationDelegate : Bootstrapping Spring Data JPA repositories in DEFAULT mode.
2023-06-20T00:20:24.728+03:00  INFO 6512 --- [restartedMain] .s.d.r.c.RepositoryConfigurationDelegate : Finished Spring Data repository scanning in 45 ms. Found 1 JPA repository interfaces.
2023-06-20T00:20:25.185+03:00  INFO 6512 --- [restartedMain] o.s.b.w.embedded.tomcat.TomcatWebServer  : Tomcat initialized with port(s): 8080 (http)
2023-06-20T00:20:25.193+03:00  INFO 6512 --- [restartedMain] o.apache.catalina.core.StandardService   : Starting service [Tomcat]
2023-06-20T00:20:25.193+03:00  INFO 6512 --- [restartedMain] o.apache.catalina.core.StandardEngine    : Starting Servlet engine: [Apache Tomcat/10.1.8]
2023-06-20T00:20:25.240+03:00  INFO 6512 --- [restartedMain] o.a.c.c.C.[Tomcat].[localhost].[/]       : Initializing Spring embedded WebApplicationContext
2023-06-20T00:20:25.241+03:00  INFO 6512 --- [restartedMain] w.s.c.ServletWebServerApplicationContext : Root WebApplicationContext: initialization completed in 1306 ms
2023-06-20T00:20:25.438+03:00  INFO 6512 --- [restartedMain] o.hibernate.jpa.internal.util.LogHelper  : HHH000204: Processing PersistenceUnitInfo [name: default]
2023-06-20T00:20:25.478+03:00  INFO 6512 --- [restartedMain] org.hibernate.Version                    : HHH000412: Hibernate ORM core version 6.1.7.Final
2023-06-20T00:20:25.713+03:00  INFO 6512 --- [restartedMain] com.zaxxer.hikari.HikariDataSource       : HikariPool-1 - Starting...
2023-06-20T00:20:25.828+03:00  INFO 6512 --- [restartedMain] com.zaxxer.hikari.pool.HikariPool        : HikariPool-1 - Added connection org.postgresql.jdbc.PgConnection@6e6719c5
2023-06-20T00:20:25.830+03:00  INFO 6512 --- [restartedMain] com.zaxxer.hikari.HikariDataSource       : HikariPool-1 - Start completed.
2023-06-20T00:20:25.866+03:00  INFO 6512 --- [restartedMain] SQL dialect                              : HHH000400: Using dialect: org.hibernate.dialect.PostgreSQLDialect
2023-06-20T00:20:26.491+03:00  INFO 6512 --- [restartedMain] o.h.e.t.j.p.i.JtaPlatformInitiator       : HHH000490: Using JtaPlatform implementation: [org.hibernate.engine.transaction.jta.platform.internal.NoJtaPlatform]
2023-06-20T00:20:26.499+03:00  INFO 6512 --- [restartedMain] j.LocalContainerEntityManagerFactoryBean : Initialized JPA EntityManagerFactory for persistence unit 'default'
2023-06-20T00:20:26.504+03:00  WARN 6512 --- [restartedMain] s.i.d.DownloadServiceApplication         : PostConstruct method is executed. >>> warn
2023-06-20T00:20:26.505+03:00  INFO 6512 --- [restartedMain] s.i.d.DownloadServiceApplication         : PostConstruct method is executed. >>> info
2023-06-20T00:20:26.517+03:00  INFO 6512 --- [restartedMain] s.i.d.s.DownloadServiceHttpClientImpl    : Active candidate for DownloadService is DownloadServiceHttpClientImpl
2023-06-20T00:20:26.556+03:00  WARN 6512 --- [restartedMain] JpaBaseConfiguration$JpaWebConfiguration : spring.jpa.open-in-view is enabled by default. Therefore, database queries may be performed during view rendering. Explicitly configure spring.jpa.open-in-view to disable this warning
2023-06-20T00:20:27.145+03:00  INFO 6512 --- [restartedMain] o.s.b.d.a.OptionalLiveReloadServer       : LiveReload server is running on port 35729
2023-06-20T00:20:27.150+03:00  INFO 6512 --- [restartedMain] o.s.b.a.e.web.EndpointLinksResolver      : Exposing 1 endpoint(s) beneath base path '/actuator'
2023-06-20T00:20:27.220+03:00  INFO 6512 --- [restartedMain] o.s.b.w.embedded.tomcat.TomcatWebServer  : Tomcat started on port(s): 8080 (http) with context path ''
2023-06-20T00:20:27.233+03:00  INFO 6512 --- [restartedMain] s.i.d.DownloadServiceApplication         : Started DownloadServiceApplication in 3.72 seconds (process running for 4.332)
2023-06-20T00:20:27.717+03:00  INFO 6512 --- [RMI TCP Connection(1)-192.168.1.223] o.a.c.c.C.[Tomcat].[localhost].[/]       : Initializing Spring DispatcherServlet 'dispatcherServlet'
2023-06-20T00:20:27.717+03:00  INFO 6512 --- [RMI TCP Connection(1)-192.168.1.223] o.s.web.servlet.DispatcherServlet        : Initializing Servlet 'dispatcherServlet'
2023-06-20T00:20:27.718+03:00  INFO 6512 --- [RMI TCP Connection(1)-192.168.1.223] o.s.web.servlet.DispatcherServlet        : Completed initialization in 1 ms
2023-06-20T00:28:39.435+03:00  WARN 6512 --- [HikariPool-1 housekeeper] com.zaxxer.hikari.pool.HikariPool        : HikariPool-1 - Thread starvation or clock leap detected (housekeeper delta=8m13s498ms830µs700ns).
2023-06-20T00:30:03.676+03:00  INFO 6512 --- [SpringApplicationShutdownHook] s.i.d.DownloadServiceApplication         : PreDestroy method is executed
2023-06-20T00:30:03.677+03:00  INFO 6512 --- [SpringApplicationShutdownHook] j.LocalContainerEntityManagerFactoryBean : Closing JPA EntityManagerFactory for persistence unit 'default'
2023-06-20T00:30:03.681+03:00  INFO 6512 --- [SpringApplicationShutdownHook] com.zaxxer.hikari.HikariDataSource       : HikariPool-1 - Shutdown initiated...
2023-06-20T00:30:03.686+03:00  INFO 6512 --- [SpringApplicationShutdownHook] com.zaxxer.hikari.HikariDataSource       : HikariPool-1 - Shutdown completed.
2023-06-20T00:30:29.977+03:00  INFO 8392 --- [restartedMain] s.i.d.DownloadServiceApplication         : Starting DownloadServiceApplication using Java 17.0.6 with PID 8392 (F:\IJ\download-service\build\classes\java\main started by itsko in F:\IJ\download-service)
2023-06-20T00:30:29.979+03:00  INFO 8392 --- [restartedMain] s.i.d.DownloadServiceApplication         : No active profile set, falling back to 1 default profile: "default"
2023-06-20T00:30:30.017+03:00  INFO 8392 --- [restartedMain] .e.DevToolsPropertyDefaultsPostProcessor : Devtools property defaults active! Set 'spring.devtools.add-properties' to 'false' to disable
2023-06-20T00:30:30.017+03:00  INFO 8392 --- [restartedMain] .e.DevToolsPropertyDefaultsPostProcessor : For additional web related logging consider setting the 'logging.level.web' property to 'DEBUG'
2023-06-20T00:30:30.672+03:00  INFO 8392 --- [restartedMain] .s.d.r.c.RepositoryConfigurationDelegate : Bootstrapping Spring Data JPA repositories in DEFAULT mode.
2023-06-20T00:30:30.715+03:00  INFO 8392 --- [restartedMain] .s.d.r.c.RepositoryConfigurationDelegate : Finished Spring Data repository scanning in 37 ms. Found 1 JPA repository interfaces.
2023-06-20T00:30:31.125+03:00  INFO 8392 --- [restartedMain] o.s.b.w.embedded.tomcat.TomcatWebServer  : Tomcat initialized with port(s): 8080 (http)
2023-06-20T00:30:31.132+03:00  INFO 8392 --- [restartedMain] o.apache.catalina.core.StandardService   : Starting service [Tomcat]
2023-06-20T00:30:31.132+03:00  INFO 8392 --- [restartedMain] o.apache.catalina.core.StandardEngine    : Starting Servlet engine: [Apache Tomcat/10.1.8]
2023-06-20T00:30:31.176+03:00  INFO 8392 --- [restartedMain] o.a.c.c.C.[Tomcat].[localhost].[/]       : Initializing Spring embedded WebApplicationContext
2023-06-20T00:30:31.177+03:00  INFO 8392 --- [restartedMain] w.s.c.ServletWebServerApplicationContext : Root WebApplicationContext: initialization completed in 1160 ms
2023-06-20T00:30:31.364+03:00  INFO 8392 --- [restartedMain] o.hibernate.jpa.internal.util.LogHelper  : HHH000204: Processing PersistenceUnitInfo [name: default]
2023-06-20T00:30:31.404+03:00  INFO 8392 --- [restartedMain] org.hibernate.Version                    : HHH000412: Hibernate ORM core version 6.1.7.Final
2023-06-20T00:30:31.611+03:00  INFO 8392 --- [restartedMain] com.zaxxer.hikari.HikariDataSource       : HikariPool-1 - Starting...
2023-06-20T00:30:31.730+03:00  INFO 8392 --- [restartedMain] com.zaxxer.hikari.pool.HikariPool        : HikariPool-1 - Added connection org.postgresql.jdbc.PgConnection@4c0349ea
2023-06-20T00:30:31.732+03:00  INFO 8392 --- [restartedMain] com.zaxxer.hikari.HikariDataSource       : HikariPool-1 - Start completed.
2023-06-20T00:30:31.769+03:00  INFO 8392 --- [restartedMain] SQL dialect                              : HHH000400: Using dialect: org.hibernate.dialect.PostgreSQLDialect
2023-06-20T00:30:32.344+03:00  INFO 8392 --- [restartedMain] o.h.e.t.j.p.i.JtaPlatformInitiator       : HHH000490: Using JtaPlatform implementation: [org.hibernate.engine.transaction.jta.platform.internal.NoJtaPlatform]
2023-06-20T00:30:32.351+03:00  INFO 8392 --- [restartedMain] j.LocalContainerEntityManagerFactoryBean : Initialized JPA EntityManagerFactory for persistence unit 'default'
2023-06-20T00:30:32.355+03:00  WARN 8392 --- [restartedMain] s.i.d.DownloadServiceApplication         : PostConstruct method is executed. >>> warn
2023-06-20T00:30:32.356+03:00  INFO 8392 --- [restartedMain] s.i.d.DownloadServiceApplication         : PostConstruct method is executed. >>> info
2023-06-20T00:30:32.358+03:00  INFO 8392 --- [restartedMain] s.i.d.service.DownloadServiceJsoupImpl   : Active candidate for DownloadService is DownloadServiceJsoupImpl
2023-06-20T00:30:32.394+03:00  WARN 8392 --- [restartedMain] JpaBaseConfiguration$JpaWebConfiguration : spring.jpa.open-in-view is enabled by default. Therefore, database queries may be performed during view rendering. Explicitly configure spring.jpa.open-in-view to disable this warning
2023-06-20T00:30:32.914+03:00  INFO 8392 --- [restartedMain] o.s.b.d.a.OptionalLiveReloadServer       : LiveReload server is running on port 35729
2023-06-20T00:30:32.917+03:00  INFO 8392 --- [restartedMain] o.s.b.a.e.web.EndpointLinksResolver      : Exposing 1 endpoint(s) beneath base path '/actuator'
2023-06-20T00:30:32.983+03:00  INFO 8392 --- [restartedMain] o.s.b.w.embedded.tomcat.TomcatWebServer  : Tomcat started on port(s): 8080 (http) with context path ''
2023-06-20T00:30:32.996+03:00  INFO 8392 --- [restartedMain] s.i.d.DownloadServiceApplication         : Started DownloadServiceApplication in 3.363 seconds (process running for 3.852)
2023-06-20T00:30:33.362+03:00  INFO 8392 --- [RMI TCP Connection(1)-192.168.1.223] o.a.c.c.C.[Tomcat].[localhost].[/]       : Initializing Spring DispatcherServlet 'dispatcherServlet'
2023-06-20T00:30:33.362+03:00  INFO 8392 --- [RMI TCP Connection(1)-192.168.1.223] o.s.web.servlet.DispatcherServlet        : Initializing Servlet 'dispatcherServlet'
2023-06-20T00:30:33.363+03:00  INFO 8392 --- [RMI TCP Connection(1)-192.168.1.223] o.s.web.servlet.DispatcherServlet        : Completed initialization in 1 ms
2023-06-20T00:31:35.728+03:00  INFO 8392 --- [SpringApplicationShutdownHook] s.i.d.DownloadServiceApplication         : PreDestroy method is executed
2023-06-20T00:31:35.728+03:00  INFO 8392 --- [SpringApplicationShutdownHook] j.LocalContainerEntityManagerFactoryBean : Closing JPA EntityManagerFactory for persistence unit 'default'
2023-06-20T00:31:35.731+03:00  INFO 8392 --- [SpringApplicationShutdownHook] com.zaxxer.hikari.HikariDataSource       : HikariPool-1 - Shutdown initiated...
2023-06-20T00:31:35.733+03:00  INFO 8392 --- [SpringApplicationShutdownHook] com.zaxxer.hikari.HikariDataSource       : HikariPool-1 - Shutdown completed.
2023-06-20T00:31:42.677+03:00  INFO 21172 --- [restartedMain] s.i.d.DownloadServiceApplication         : Starting DownloadServiceApplication using Java 17.0.6 with PID 21172 (F:\IJ\download-service\build\classes\java\main started by itsko in F:\IJ\download-service)
2023-06-20T00:31:42.690+03:00  INFO 21172 --- [restartedMain] s.i.d.DownloadServiceApplication         : No active profile set, falling back to 1 default profile: "default"
2023-06-20T00:31:42.733+03:00  INFO 21172 --- [restartedMain] .e.DevToolsPropertyDefaultsPostProcessor : Devtools property defaults active! Set 'spring.devtools.add-properties' to 'false' to disable
2023-06-20T00:31:42.733+03:00  INFO 21172 --- [restartedMain] .e.DevToolsPropertyDefaultsPostProcessor : For additional web related logging consider setting the 'logging.level.web' property to 'DEBUG'
2023-06-20T00:31:43.479+03:00  INFO 21172 --- [restartedMain] .s.d.r.c.RepositoryConfigurationDelegate : Bootstrapping Spring Data JPA repositories in DEFAULT mode.
2023-06-20T00:31:43.525+03:00  INFO 21172 --- [restartedMain] .s.d.r.c.RepositoryConfigurationDelegate : Finished Spring Data repository scanning in 39 ms. Found 1 JPA repository interfaces.
2023-06-20T00:31:43.980+03:00  INFO 21172 --- [restartedMain] o.s.b.w.embedded.tomcat.TomcatWebServer  : Tomcat initialized with port(s): 8080 (http)
2023-06-20T00:31:43.988+03:00  INFO 21172 --- [restartedMain] o.apache.catalina.core.StandardService   : Starting service [Tomcat]
2023-06-20T00:31:43.988+03:00  INFO 21172 --- [restartedMain] o.apache.catalina.core.StandardEngine    : Starting Servlet engine: [Apache Tomcat/10.1.8]
2023-06-20T00:31:44.033+03:00  INFO 21172 --- [restartedMain] o.a.c.c.C.[Tomcat].[localhost].[/]       : Initializing Spring embedded WebApplicationContext
2023-06-20T00:31:44.034+03:00  INFO 21172 --- [restartedMain] w.s.c.ServletWebServerApplicationContext : Root WebApplicationContext: initialization completed in 1301 ms
2023-06-20T00:31:44.227+03:00  INFO 21172 --- [restartedMain] o.hibernate.jpa.internal.util.LogHelper  : HHH000204: Processing PersistenceUnitInfo [name: default]
2023-06-20T00:31:44.270+03:00  INFO 21172 --- [restartedMain] org.hibernate.Version                    : HHH000412: Hibernate ORM core version 6.1.7.Final
2023-06-20T00:31:44.501+03:00  INFO 21172 --- [restartedMain] com.zaxxer.hikari.HikariDataSource       : HikariPool-1 - Starting...
2023-06-20T00:31:44.610+03:00  INFO 21172 --- [restartedMain] com.zaxxer.hikari.pool.HikariPool        : HikariPool-1 - Added connection org.postgresql.jdbc.PgConnection@6e6719c5
2023-06-20T00:31:44.611+03:00  INFO 21172 --- [restartedMain] com.zaxxer.hikari.HikariDataSource       : HikariPool-1 - Start completed.
2023-06-20T00:31:44.647+03:00  INFO 21172 --- [restartedMain] SQL dialect                              : HHH000400: Using dialect: org.hibernate.dialect.PostgreSQLDialect
2023-06-20T00:31:45.274+03:00  INFO 21172 --- [restartedMain] o.h.e.t.j.p.i.JtaPlatformInitiator       : HHH000490: Using JtaPlatform implementation: [org.hibernate.engine.transaction.jta.platform.internal.NoJtaPlatform]
2023-06-20T00:31:45.283+03:00  INFO 21172 --- [restartedMain] j.LocalContainerEntityManagerFactoryBean : Initialized JPA EntityManagerFactory for persistence unit 'default'
2023-06-20T00:31:45.288+03:00  WARN 21172 --- [restartedMain] s.i.d.DownloadServiceApplication         : PostConstruct method is executed. >>> warn
2023-06-20T00:31:45.289+03:00  INFO 21172 --- [restartedMain] s.i.d.DownloadServiceApplication         : PostConstruct method is executed. >>> info
2023-06-20T00:31:45.294+03:00  INFO 21172 --- [restartedMain] s.i.d.service.DownloadServiceJsoupImpl   : Active candidate for DownloadService is DownloadServiceJsoupImpl
2023-06-20T00:31:45.334+03:00  WARN 21172 --- [restartedMain] JpaBaseConfiguration$JpaWebConfiguration : spring.jpa.open-in-view is enabled by default. Therefore, database queries may be performed during view rendering. Explicitly configure spring.jpa.open-in-view to disable this warning
2023-06-20T00:31:45.912+03:00  INFO 21172 --- [restartedMain] o.s.b.d.a.OptionalLiveReloadServer       : LiveReload server is running on port 35729
2023-06-20T00:31:45.916+03:00  INFO 21172 --- [restartedMain] o.s.b.a.e.web.EndpointLinksResolver      : Exposing 1 endpoint(s) beneath base path '/actuator'
2023-06-20T00:31:45.983+03:00  INFO 21172 --- [restartedMain] o.s.b.w.embedded.tomcat.TomcatWebServer  : Tomcat started on port(s): 8080 (http) with context path ''
2023-06-20T00:31:45.997+03:00  INFO 21172 --- [restartedMain] s.i.d.DownloadServiceApplication         : Started DownloadServiceApplication in 3.691 seconds (process running for 4.265)
2023-06-20T00:31:46.467+03:00  INFO 21172 --- [RMI TCP Connection(2)-192.168.1.223] o.a.c.c.C.[Tomcat].[localhost].[/]       : Initializing Spring DispatcherServlet 'dispatcherServlet'
2023-06-20T00:31:46.468+03:00  INFO 21172 --- [RMI TCP Connection(2)-192.168.1.223] o.s.web.servlet.DispatcherServlet        : Initializing Servlet 'dispatcherServlet'
2023-06-20T00:31:46.469+03:00  INFO 21172 --- [RMI TCP Connection(2)-192.168.1.223] o.s.web.servlet.DispatcherServlet        : Completed initialization in 1 ms
2023-06-20T00:33:05.536+03:00  WARN 21172 --- [HikariPool-1 housekeeper] com.zaxxer.hikari.pool.HikariPool        : HikariPool-1 - Thread starvation or clock leap detected (housekeeper delta=1m20s812ms179µs100ns).
2023-06-20T00:33:45.046+03:00  INFO 21172 --- [SpringApplicationShutdownHook] s.i.d.DownloadServiceApplication         : PreDestroy method is executed
2023-06-20T00:33:45.047+03:00  INFO 21172 --- [SpringApplicationShutdownHook] j.LocalContainerEntityManagerFactoryBean : Closing JPA EntityManagerFactory for persistence unit 'default'
2023-06-20T00:33:45.049+03:00  INFO 21172 --- [SpringApplicationShutdownHook] com.zaxxer.hikari.HikariDataSource       : HikariPool-1 - Shutdown initiated...
2023-06-20T00:33:45.055+03:00  INFO 21172 --- [SpringApplicationShutdownHook] com.zaxxer.hikari.HikariDataSource       : HikariPool-1 - Shutdown completed.
2023-06-20T00:33:47.314+03:00  INFO 5336 --- [restartedMain] s.i.d.DownloadServiceApplication         : Starting DownloadServiceApplication using Java 17.0.6 with PID 5336 (F:\IJ\download-service\build\classes\java\main started by itsko in F:\IJ\download-service)
2023-06-20T00:33:47.317+03:00  INFO 5336 --- [restartedMain] s.i.d.DownloadServiceApplication         : No active profile set, falling back to 1 default profile: "default"
2023-06-20T00:33:47.358+03:00  INFO 5336 --- [restartedMain] .e.DevToolsPropertyDefaultsPostProcessor : Devtools property defaults active! Set 'spring.devtools.add-properties' to 'false' to disable
2023-06-20T00:33:47.358+03:00  INFO 5336 --- [restartedMain] .e.DevToolsPropertyDefaultsPostProcessor : For additional web related logging consider setting the 'logging.level.web' property to 'DEBUG'
2023-06-20T00:33:48.123+03:00  INFO 5336 --- [restartedMain] .s.d.r.c.RepositoryConfigurationDelegate : Bootstrapping Spring Data JPA repositories in DEFAULT mode.
2023-06-20T00:33:48.172+03:00  INFO 5336 --- [restartedMain] .s.d.r.c.RepositoryConfigurationDelegate : Finished Spring Data repository scanning in 42 ms. Found 1 JPA repository interfaces.
2023-06-20T00:33:48.613+03:00  INFO 5336 --- [restartedMain] o.s.b.w.embedded.tomcat.TomcatWebServer  : Tomcat initialized with port(s): 8080 (http)
2023-06-20T00:33:48.621+03:00  INFO 5336 --- [restartedMain] o.apache.catalina.core.StandardService   : Starting service [Tomcat]
2023-06-20T00:33:48.621+03:00  INFO 5336 --- [restartedMain] o.apache.catalina.core.StandardEngine    : Starting Servlet engine: [Apache Tomcat/10.1.8]
2023-06-20T00:33:48.666+03:00  INFO 5336 --- [restartedMain] o.a.c.c.C.[Tomcat].[localhost].[/]       : Initializing Spring embedded WebApplicationContext
2023-06-20T00:33:48.667+03:00  INFO 5336 --- [restartedMain] w.s.c.ServletWebServerApplicationContext : Root WebApplicationContext: initialization completed in 1308 ms
2023-06-20T00:33:48.854+03:00  INFO 5336 --- [restartedMain] o.hibernate.jpa.internal.util.LogHelper  : HHH000204: Processing PersistenceUnitInfo [name: default]
2023-06-20T00:33:48.899+03:00  INFO 5336 --- [restartedMain] org.hibernate.Version                    : HHH000412: Hibernate ORM core version 6.1.7.Final
2023-06-20T00:33:49.133+03:00  INFO 5336 --- [restartedMain] com.zaxxer.hikari.HikariDataSource       : HikariPool-1 - Starting...
2023-06-20T00:33:49.245+03:00  INFO 5336 --- [restartedMain] com.zaxxer.hikari.pool.HikariPool        : HikariPool-1 - Added connection org.postgresql.jdbc.PgConnection@1f060fd0
2023-06-20T00:33:49.247+03:00  INFO 5336 --- [restartedMain] com.zaxxer.hikari.HikariDataSource       : HikariPool-1 - Start completed.
2023-06-20T00:33:49.281+03:00  INFO 5336 --- [restartedMain] SQL dialect                              : HHH000400: Using dialect: org.hibernate.dialect.PostgreSQLDialect
2023-06-20T00:33:49.904+03:00  INFO 5336 --- [restartedMain] o.h.e.t.j.p.i.JtaPlatformInitiator       : HHH000490: Using JtaPlatform implementation: [org.hibernate.engine.transaction.jta.platform.internal.NoJtaPlatform]
2023-06-20T00:33:49.913+03:00  INFO 5336 --- [restartedMain] j.LocalContainerEntityManagerFactoryBean : Initialized JPA EntityManagerFactory for persistence unit 'default'
2023-06-20T00:33:49.918+03:00  WARN 5336 --- [restartedMain] s.i.d.DownloadServiceApplication         : PostConstruct method is executed. >>> warn
2023-06-20T00:33:49.919+03:00  INFO 5336 --- [restartedMain] s.i.d.DownloadServiceApplication         : PostConstruct method is executed. >>> info
2023-06-20T00:33:49.924+03:00  INFO 5336 --- [restartedMain] s.i.d.service.DownloadServiceJsoupImpl   : Active candidate for DownloadService is DownloadServiceJsoupImpl
2023-06-20T00:33:49.963+03:00  WARN 5336 --- [restartedMain] JpaBaseConfiguration$JpaWebConfiguration : spring.jpa.open-in-view is enabled by default. Therefore, database queries may be performed during view rendering. Explicitly configure spring.jpa.open-in-view to disable this warning
2023-06-20T00:33:50.634+03:00  INFO 5336 --- [restartedMain] o.s.b.d.a.OptionalLiveReloadServer       : LiveReload server is running on port 35729
2023-06-20T00:33:50.639+03:00  INFO 5336 --- [restartedMain] o.s.b.a.e.web.EndpointLinksResolver      : Exposing 1 endpoint(s) beneath base path '/actuator'
2023-06-20T00:33:50.707+03:00  INFO 5336 --- [restartedMain] o.s.b.w.embedded.tomcat.TomcatWebServer  : Tomcat started on port(s): 8080 (http) with context path ''
2023-06-20T00:33:50.720+03:00  INFO 5336 --- [restartedMain] s.i.d.DownloadServiceApplication         : Started DownloadServiceApplication in 3.795 seconds (process running for 4.359)
2023-06-20T00:33:51.144+03:00  INFO 5336 --- [RMI TCP Connection(2)-192.168.1.223] o.a.c.c.C.[Tomcat].[localhost].[/]       : Initializing Spring DispatcherServlet 'dispatcherServlet'
2023-06-20T00:33:51.144+03:00  INFO 5336 --- [RMI TCP Connection(2)-192.168.1.223] o.s.web.servlet.DispatcherServlet        : Initializing Servlet 'dispatcherServlet'
2023-06-20T00:33:51.145+03:00  INFO 5336 --- [RMI TCP Connection(2)-192.168.1.223] o.s.web.servlet.DispatcherServlet        : Completed initialization in 1 ms
2023-06-20T00:37:22.538+03:00  INFO 5336 --- [SpringApplicationShutdownHook] s.i.d.DownloadServiceApplication         : PreDestroy method is executed
2023-06-20T00:37:22.538+03:00  INFO 5336 --- [SpringApplicationShutdownHook] j.LocalContainerEntityManagerFactoryBean : Closing JPA EntityManagerFactory for persistence unit 'default'
2023-06-20T00:37:22.541+03:00  INFO 5336 --- [SpringApplicationShutdownHook] com.zaxxer.hikari.HikariDataSource       : HikariPool-1 - Shutdown initiated...
2023-06-20T00:37:22.545+03:00  INFO 5336 --- [SpringApplicationShutdownHook] com.zaxxer.hikari.HikariDataSource       : HikariPool-1 - Shutdown completed.
